Mono path[0] = 'S:/SteamLibrary/steamapps/common/Delivery INC/Delivery INC_Data/Managed'
Mono config path = 'S:/SteamLibrary/steamapps/common/Delivery INC/MonoBleedingEdge/etc'
[Physics::Module] Initialized MultithreadedJobDispatcher with 3 workers.
Initialize engine version: 2022.3.26f1 (ec6cd8118806)
[Subsystems] Discovering subsystems at path S:/SteamLibrary/steamapps/common/Delivery INC/Delivery INC_Data/UnitySubsystems
GfxDevice: creating device client; threaded=1; jobified=0
Direct3D:
    Version:  Direct3D 11.0 [level 11.1]
    Renderer: AMD Radeon(TM) R5 240 (ID=0x6611)
    Vendor:   ATI
    VRAM:     1004 MB
    Driver:   27.20.20913.2000
Begin MonoManager ReloadAssembly
Failed loading assembly Managed/UnityEngine.ARModule.dll reason: File does not contain a valid CIL image
Loading assembly failed: "Managed/UnityEngine.ARModule.dll" reason: File does not contain a valid CIL image
Failed loading assembly Managed/UnityEngine.AccessibilityModule.dll reason: File does not contain a valid CIL image
Loading assembly failed: "Managed/UnityEngine.AccessibilityModule.dll" reason: File does not contain a valid CIL image
Failed loading assembly Managed/UnityEngine.ClusterInputModule.dll reason: File does not contain a valid CIL image
Loading assembly failed: "Managed/UnityEngine.ClusterInputModule.dll" reason: File does not contain a valid CIL image
Failed loading assembly Managed/UnityEngine.ClusterRendererModule.dll reason: File does not contain a valid CIL image
Loading assembly failed: "Managed/UnityEngine.ClusterRendererModule.dll" reason: File does not contain a valid CIL image
Failed loading assembly Managed/UnityEngine.ContentLoadModule.dll reason: File does not contain a valid CIL image
Loading assembly failed: "Managed/UnityEngine.ContentLoadModule.dll" reason: File does not contain a valid CIL image
Failed loading assembly Managed/UnityEngine.CrashReportingModule.dll reason: File does not contain a valid CIL image
Loading assembly failed: "Managed/UnityEngine.CrashReportingModule.dll" reason: File does not contain a valid CIL image
Failed loading assembly Managed/UnityEngine.DirectorModule.dll reason: File does not contain a valid CIL image
Loading assembly failed: "Managed/UnityEngine.DirectorModule.dll" reason: File does not contain a valid CIL image
Failed loading assembly Managed/UnityEngine.GIModule.dll reason: File does not contain a valid CIL image
Loading assembly failed: "Managed/UnityEngine.GIModule.dll" reason: File does not contain a valid CIL image
Failed loading assembly Managed/UnityEngine.GridModule.dll reason: File does not contain a valid CIL image
Loading assembly failed: "Managed/UnityEngine.GridModule.dll" reason: File does not contain a valid CIL image
Failed loading assembly Managed/UnityEngine.HotReloadModule.dll reason: File does not contain a valid CIL image
Loading assembly failed: "Managed/UnityEngine.HotReloadModule.dll" reason: File does not contain a valid CIL image
Failed loading assembly Managed/UnityEngine.ImageConversionModule.dll reason: File does not contain a valid CIL image
Loading assembly failed: "Managed/UnityEngine.ImageConversionModule.dll" reason: File does not contain a valid CIL image
Failed loading assembly Managed/UnityEngine.InputModule.dll reason: File does not contain a valid CIL image
Loading assembly failed: "Managed/UnityEngine.InputModule.dll" reason: File does not contain a valid CIL image
Failed loading assembly Managed/UnityEngine.JSONSerializeModule.dll reason: File does not contain a valid CIL image
Loading assembly failed: "Managed/UnityEngine.JSONSerializeModule.dll" reason: File does not contain a valid CIL image
Failed loading assembly Managed/UnityEngine.PerformanceReportingModule.dll reason: File does not contain a valid CIL image
Loading assembly failed: "Managed/UnityEngine.PerformanceReportingModule.dll" reason: File does not contain a valid CIL image
Failed loading assembly Managed/UnityEngine.ProfilerModule.dll reason: File does not contain a valid CIL image
Loading assembly failed: "Managed/UnityEngine.ProfilerModule.dll" reason: File does not contain a valid CIL image
Failed loading assembly Managed/UnityEngine.RuntimeInitializeOnLoadManagerInitializerModule.dll reason: File does not contain a valid CIL image
Loading assembly failed: "Managed/UnityEngine.RuntimeInitializeOnLoadManagerInitializerModule.dll" reason: File does not contain a valid CIL image
Failed loading assembly Managed/UnityEngine.ScreenCaptureModule.dll reason: File does not contain a valid CIL image
Loading assembly failed: "Managed/UnityEngine.ScreenCaptureModule.dll" reason: File does not contain a valid CIL image
Failed loading assembly Managed/UnityEngine.SpriteMaskModule.dll reason: File does not contain a valid CIL image
Loading assembly failed: "Managed/UnityEngine.SpriteMaskModule.dll" reason: File does not contain a valid CIL image
Failed loading assembly Managed/UnityEngine.SpriteShapeModule.dll reason: File does not contain a valid CIL image
Loading assembly failed: "Managed/UnityEngine.SpriteShapeModule.dll" reason: File does not contain a valid CIL image
Failed loading assembly Managed/UnityEngine.StreamingModule.dll reason: File does not contain a valid CIL image
Loading assembly failed: "Managed/UnityEngine.StreamingModule.dll" reason: File does not contain a valid CIL image
Failed loading assembly Managed/UnityEngine.SubstanceModule.dll reason: File does not contain a valid CIL image
Loading assembly failed: "Managed/UnityEngine.SubstanceModule.dll" reason: File does not contain a valid CIL image
Failed loading assembly Managed/UnityEngine.TLSModule.dll reason: File does not contain a valid CIL image
Loading assembly failed: "Managed/UnityEngine.TLSModule.dll" reason: File does not contain a valid CIL image
Failed loading assembly Managed/UnityEngine.TerrainPhysicsModule.dll reason: File does not contain a valid CIL image
Loading assembly failed: "Managed/UnityEngine.TerrainPhysicsModule.dll" reason: File does not contain a valid CIL image
Failed loading assembly Managed/UnityEngine.UnityConnectModule.dll reason: File does not contain a valid CIL image
Loading assembly failed: "Managed/UnityEngine.UnityConnectModule.dll" reason: File does not contain a valid CIL image
Failed loading assembly Managed/UnityEngine.UnityCurlModule.dll reason: File does not contain a valid CIL image
Loading assembly failed: "Managed/UnityEngine.UnityCurlModule.dll" reason: File does not contain a valid CIL image
Failed loading assembly Managed/UnityEngine.UnityTestProtocolModule.dll reason: File does not contain a valid CIL image
Loading assembly failed: "Managed/UnityEngine.UnityTestProtocolModule.dll" reason: File does not contain a valid CIL image
Failed loading assembly Managed/UnityEngine.UnityWebRequestAudioModule.dll reason: File does not contain a valid CIL image
Loading assembly failed: "Managed/UnityEngine.UnityWebRequestAudioModule.dll" reason: File does not contain a valid CIL image
Failed loading assembly Managed/UnityEngine.UnityWebRequestTextureModule.dll reason: File does not contain a valid CIL image
Loading assembly failed: "Managed/UnityEngine.UnityWebRequestTextureModule.dll" reason: File does not contain a valid CIL image
Failed loading assembly Managed/UnityEngine.VehiclesModule.dll reason: File does not contain a valid CIL image
Loading assembly failed: "Managed/UnityEngine.VehiclesModule.dll" reason: File does not contain a valid CIL image
Failed loading assembly Managed/UnityEngine.WindModule.dll reason: File does not contain a valid CIL image
Loading assembly failed: "Managed/UnityEngine.WindModule.dll" reason: File does not contain a valid CIL image
Crash!!!
SymInit: Symbol-SearchPath: '.;S:\SteamLibrary\steamapps\common\Delivery INC;S:/SteamLibrary/steamapps/common/Delivery INC/Delivery INC_Data/Plugins\x86_64;S:/SteamLibrary/steamapps/common/Delivery INC/Delivery INC_Data/Plugins;S:\SteamLibrary\steamapps\common\Delivery INC;C:\Windows;C:\Windows\system32;', symOptions: 534, UserName: 'john lee'
OS-Version: 10.0.0
S:\SteamLibrary\steamapps\common\Delivery INC\Delivery INC.exe:Delivery INC.exe (00007FF77AB50000), size: 897024 (result: 0), SymType: '-deferred-', PDB: '', fileVersion: 2022.3.26.27864
C:\Windows\SYSTEM32\ntdll.dll:ntdll.dll (00007FF828790000), size: 2064384 (result: 0), SymType: '-deferred-', PDB: '', fileVersion: 10.0.19041.6456
C:\Windows\System32\KERNEL32.DLL:KERNEL32.DLL (00007FF8274B0000), size: 794624 (result: 0), SymType: '-deferred-', PDB: '', fileVersion: 10.0.19041.5915
C:\Windows\System32\KERNELBASE.dll:KERNELBASE.dll (00007FF826220000), size: 3104768 (result: 0), SymType: '-deferred-', PDB: '', fileVersion: 10.0.19041.6280
S:\SteamLibrary\steamapps\common\Delivery INC\UnityPlayer.dll:UnityPlayer.dll (00007FFF58270000), size: 31895552 (result: 0), SymType: '-deferred-', PDB: '', fileVersion: 2022.3.26.27864
C:\Windows\System32\USER32.dll:USER32.dll (00007FF8271A0000), size: 1708032 (result: 0), SymType: '-deferred-', PDB: '', fileVersion: 10.0.19041.6456
C:\Windows\System32\win32u.dll:win32u.dll (00007FF826050000), size: 139264 (result: 0), SymType: '-deferred-', PDB: '', fileVersion: 10.0.19041.6456
C:\Windows\System32\GDI32.dll:GDI32.dll (00007FF827E50000), size: 176128 (result: 0), SymType: '-deferred-', PDB: '', fileVersion: 10.0.19041.6157
C:\Windows\System32\gdi32full.dll:gdi32full.dll (00007FF826100000), size: 1150976 (result: 0), SymType: '-deferred-', PDB: '', fileVersion: 10.0.19041.6157
C:\Windows\System32\msvcp_win.dll:msvcp_win.dll (00007FF8266E0000), size: 643072 (result: 0), SymType: '-deferred-', PDB: '', fileVersion: 10.0.19041.3636
C:\Windows\System32\ucrtbase.dll:ucrtbase.dll (00007FF825F50000), size: 1048576 (result: 0), SymType: '-deferred-', PDB: '', fileVersion: 10.0.19041.3636
C:\Windows\System32\ole32.dll:ole32.dll (00007FF827360000), size: 1224704 (result: 0), SymType: '-deferred-', PDB: '', fileVersion: 10.0.19041.5915
C:\Windows\System32\RPCRT4.dll:RPCRT4.dll (00007FF828600000), size: 1179648 (result: 0), SymType: '-deferred-', PDB: '', fileVersion: 10.0.19041.6280
C:\Windows\System32\combase.dll:combase.dll (00007FF8277D0000), size: 3489792 (result: 0), SymType: '-deferred-', PDB: '', fileVersion: 10.0.19041.6456
C:\Windows\System32\SHLWAPI.dll:SHLWAPI.dll (00007FF8283F0000), size: 372736 (result: 0), SymType: '-deferred-', PDB: '', fileVersion: 10.0.19041.6392
C:\Windows\System32\msvcrt.dll:msvcrt.dll (00007FF827EE0000), size: 647168 (result: 0), SymType: '-deferred-', PDB: '', fileVersion: 7.0.19041.3636
C:\Windows\System32\SETUPAPI.dll:SETUPAPI.dll (00007FF827F80000), size: 4653056 (result: 0), SymType: '-deferred-', PDB: '', fileVersion: 10.0.19041.5794
C:\Windows\System32\cfgmgr32.dll:cfgmgr32.dll (00007FF826520000), size: 319488 (result: 0), SymType: '-deferred-', PDB: '', fileVersion: 10.0.19041.3996
C:\Windows\System32\bcrypt.dll:bcrypt.dll (00007FF826570000), size: 159744 (result: 0), SymType: '-deferred-', PDB: '', fileVersion: 10.0.19041.5369
C:\Windows\System32\ADVAPI32.dll:ADVAPI32.dll (00007FF8284E0000), size: 724992 (result: 0), SymType: '-deferred-', PDB: '', fileVersion: 10.0.19041.6328
C:\Windows\System32\sechost.dll:sechost.dll (00007FF827730000), size: 651264 (result: 0), SymType: '-deferred-', PDB: '', fileVersion: 10.0.19041.6328
C:\Windows\System32\SHELL32.dll:SHELL32.dll (00007FF826A30000), size: 7798784 (result: 0), SymType: '-deferred-', PDB: '', fileVersion: 10.0.19041.6456
C:\Windows\System32\OLEAUT32.dll:OLEAUT32.dll (00007FF827B30000), size: 839680 (result: 0), SymType: '-deferred-', PDB: '', fileVersion: 10.0.19041.3636
C:\Windows\System32\IMM32.dll:IMM32.dll (00007FF827D00000), size: 192512 (result: 0), SymType: '-deferred-', PDB: '', fileVersion: 10.0.19041.6157
C:\Windows\System32\CRYPT32.dll:CRYPT32.dll (00007FF825DF0000), size: 1429504 (result: 0), SymType: '-deferred-', PDB: '', fileVersion: 10.0.19041.6157
C:\Windows\System32\WS2_32.dll:WS2_32.dll (00007FF827D30000), size: 438272 (result: 0), SymType: '-deferred-', PDB: '', fileVersion: 10.0.19041.3636
C:\Windows\SYSTEM32\OPENGL32.dll:OPENGL32.dll (00007FFFCB170000), size: 1212416 (result: 0), SymType: '-deferred-', PDB: '', fileVersion: 10.0.19041.5794
C:\Windows\SYSTEM32\WINMM.dll:WINMM.dll (00007FF818400000), size: 159744 (result: 0), SymType: '-deferred-', PDB: '', fileVersion: 10.0.19041.3636
C:\Windows\SYSTEM32\WINHTTP.dll:WINHTTP.dll (00007FF81E070000), size: 1089536 (result: 0), SymType: '-deferred-', PDB: '', fileVersion: 10.0.19041.5794
C:\Windows\SYSTEM32\HID.DLL:HID.DLL (00007FF8244E0000), size: 53248 (result: 0), SymType: '-deferred-', PDB: '', fileVersion: 10.0.19041.3636
C:\Windows\SYSTEM32\dwmapi.dll:dwmapi.dll (00007FF8237A0000), size: 188416 (result: 0), SymType: '-deferred-', PDB: '', fileVersion: 10.0.19041.6157
C:\Windows\SYSTEM32\GLU32.dll:GLU32.dll (00007FFFC9D70000), size: 180224 (result: 0), SymType: '-deferred-', PDB: '', fileVersion: 10.0.19041.3636
S:\SteamLibrary\steamapps\common\Delivery INC\VERSION.dll:VERSION.dll (00007FFFAB080000), size: 3018752 (result: 0), SymType: '-deferred-', PDB: '', fileVersion: 3.0.2.0
C:\Windows\System32\version.DLL:version.DLL (00007FF8244D0000), size: 40960 (result: 0), SymType: '-deferred-', PDB: '', fileVersion: 10.0.19041.3636
S:\SteamLibrary\steamapps\common\Delivery INC\SmokeAPI64.dll:SmokeAPI64.dll (00007FFF8B700000), size: 3543040 (result: 0), SymType: '-deferred-', PDB: '', fileVersion: 2.0.5.0
C:\Program Files\Steam\gameoverlayrenderer64.dll:gameoverlayrenderer64.dll (00007FFFC9410000), size: 1748992 (result: 0), SymType: '-deferred-', PDB: '', fileVersion: 10.11.97.72
C:\Windows\System32\PSAPI.DLL:PSAPI.DLL (00007FF827C00000), size: 32768 (result: 0), SymType: '-deferred-', PDB: '', fileVersion: 10.0.19041.3636
C:\Program Files\Steam\steamclient64.dll:steamclient64.dll (00007FFF88C80000), size: 24666112 (result: 0), SymType: '-deferred-', PDB: '', fileVersion: 10.11.97.72
C:\Windows\System32\imagehlp.dll:imagehlp.dll (00007FF827490000), size: 118784 (result: 0), SymType: '-deferred-', PDB: '', fileVersion: 10.0.19041.3636
C:\Windows\SYSTEM32\IPHLPAPI.DLL:IPHLPAPI.DLL (00007FF825140000), size: 241664 (result: 0), SymType: '-deferred-', PDB: '', fileVersion: 10.0.19041.3636
C:\Program Files\Steam\tier0_s64.dll:tier0_s64.dll (00007FFFC7710000), size: 1687552 (result: 0), SymType: '-deferred-', PDB: '', fileVersion: 10.11.97.72
C:\Program Files\Steam\vstdlib_s64.dll:vstdlib_s64.dll (00007FFFD7860000), size: 790528 (result: 0), SymType: '-deferred-', PDB: '', fileVersion: 10.11.97.72
C:\Windows\SYSTEM32\Secur32.dll:Secur32.dll (00007FF81A1F0000), size: 49152 (result: 0), SymType: '-deferred-', PDB: '', fileVersion: 10.0.19041.3636
C:\Windows\SYSTEM32\MSWSOCK.dll:MSWSOCK.dll (00007FF825440000), size: 434176 (result: 0), SymType: '-deferred-', PDB: '', fileVersion: 10.0.19041.5915
C:\Windows\SYSTEM32\SSPICLI.DLL:SSPICLI.DLL (00007FF825CD0000), size: 204800 (result: 0), SymType: '-deferred-', PDB: '', fileVersion: 10.0.19041.6328
C:\Windows\System32\shcore.dll:shcore.dll (00007FF827DA0000), size: 708608 (result: 0), SymType: '-deferred-', PDB: '', fileVersion: 10.0.19041.5794
C:\Windows\SYSTEM32\CRYPTBASE.DLL:CRYPTBASE.DLL (00007FF8255D0000), size: 49152 (result: 0), SymType: '-deferred-', PDB: '', fileVersion: 10.0.19041.3636
C:\Windows\System32\bcryptPrimitives.dll:bcryptPrimitives.dll (00007FF826650000), size: 532480 (result: 0), SymType: '-deferred-', PDB: '', fileVersion: 10.0.19041.5007
C:\Windows\system32\apphelp.dll:apphelp.dll (00007FF823010000), size: 606208 (result: 0), SymType: '-deferred-', PDB: '', fileVersion: 10.0.19041.6157
C:\Windows\SYSTEM32\kernel.appcore.dll:kernel.appcore.dll (00007FF8245E0000), size: 73728 (result: 0), SymType: '-deferred-', PDB: '', fileVersion: 10.0.19041.3758
C:\Windows\system32\uxtheme.dll:uxtheme.dll (00007FF8233C0000), size: 647168 (result: 0), SymType: '-deferred-', PDB: '', fileVersion: 10.0.19041.5794
C:\Windows\SYSTEM32\windows.storage.dll:windows.storage.dll (00007FF823D20000), size: 8015872 (result: 0), SymType: '-deferred-', PDB: '', fileVersion: 10.0.19041.6456
C:\Windows\SYSTEM32\Wldp.dll:Wldp.dll (00007FF825660000), size: 176128 (result: 0), SymType: '-deferred-', PDB: '', fileVersion: 10.0.19041.5794
C:\Windows\SYSTEM32\profapi.dll:profapi.dll (00007FF825D20000), size: 147456 (result: 0), SymType: '-deferred-', PDB: '', fileVersion: 10.0.19041.6033
S:\SteamLibrary\steamapps\common\Delivery INC\MonoBleedingEdge\EmbedRuntime\mono-2.0-bdwgc.dll:mono-2.0-bdwgc.dll (00007FFF8ACA0000), size: 10825728 (result: 0), SymType: '-deferred-', PDB: ''
C:\Windows\System32\MSCTF.dll:MSCTF.dll (00007FF826780000), size: 1134592 (result: 0), SymType: '-deferred-', PDB: '', fileVersion: 10.0.19041.5794
C:\Windows\SYSTEM32\d3d11.dll:d3d11.dll (00007FF821310000), size: 2506752 (result: 0), SymType: '-deferred-', PDB: '', fileVersion: 10.0.19041.5794
C:\Windows\SYSTEM32\dxgi.dll:dxgi.dll (00007FF824630000), size: 1007616 (result: 0), SymType: '-deferred-', PDB: '', fileVersion: 10.0.19041.5794
C:\Windows\System32\DriverStore\FileRepository\u0382934.inf_amd64_cbf07db13ec1507d\B381983\aticfx64.dll:aticfx64.dll (00007FF8184C0000), size: 1945600 (result: 0), SymType: '-deferred-', PDB: '', fileVersion: 27.20.20913.2000
C:\Windows\System32\DriverStore\FileRepository\u0382934.inf_amd64_cbf07db13ec1507d\B381983\atiuxp64.dll:atiuxp64.dll (00007FF818310000), size: 229376 (result: 0), SymType: '-deferred-', PDB: '', fileVersion: 27.20.20913.2000
C:\Windows\System32\DriverStore\FileRepository\u0382934.inf_amd64_cbf07db13ec1507d\B381983\atidxx64.dll:atidxx64.dll (00007FF8163B0000), size: 32886784 (result: 0), SymType: '-deferred-', PDB: '', fileVersion: 27.20.20913.2000
C:\Windows\SYSTEM32\amdihk64.dll:amdihk64.dll (00007FF816380000), size: 196608 (result: 0), SymType: '-deferred-', PDB: '', fileVersion: 2.0.0.1788
C:\Windows\SYSTEM32\dxcore.dll:dxcore.dll (00007FF81F8C0000), size: 241664 (result: 0), SymType: '-deferred-', PDB: '', fileVersion: 10.0.19041.5794
C:\Windows\SYSTEM32\D3DSCache.dll:D3DSCache.dll (00007FF816340000), size: 176128 (result: 0), SymType: '-deferred-', PDB: '', fileVersion: 10.0.19041.5794
C:\Windows\SYSTEM32\USERENV.dll:USERENV.dll (00007FF825CA0000), size: 188416 (result: 0), SymType: '-deferred-', PDB: '', fileVersion: 10.0.19041.5794
C:\Windows\SYSTEM32\twinapi.appcore.dll:twinapi.appcore.dll (00007FF81E1B0000), size: 2109440 (result: 0), SymType: '-deferred-', PDB: '', fileVersion: 10.0.19041.5848
C:\Windows\System32\clbcatq.dll:clbcatq.dll (00007FF8268A0000), size: 692224 (result: 0), SymType: '-deferred-', PDB: '', fileVersion: 2001.12.10941.16384
C:\Windows\system32\wbem\wbemprox.dll:wbemprox.dll (00007FF81D350000), size: 69632 (result: 0), SymType: '-deferred-', PDB: '', fileVersion: 10.0.19041.4474
C:\Windows\SYSTEM32\wbemcomn.dll:wbemcomn.dll (00007FF81F2B0000), size: 589824 (result: 0), SymType: '-deferred-', PDB: '', fileVersion: 10.0.19041.5794
C:\Windows\system32\wbem\wbemsvc.dll:wbemsvc.dll (00007FF81BCB0000), size: 81920 (result: 0), SymType: '-deferred-', PDB: '', fileVersion: 10.0.19041.4474
C:\Windows\system32\wbem\fastprox.dll:fastprox.dll (00007FF81B950000), size: 1097728 (result: 0), SymType: '-deferred-', PDB: '', fileVersion: 10.0.19041.5794
C:\Windows\SYSTEM32\amsi.dll:amsi.dll (00007FF81B6C0000), size: 126976 (result: 0), SymType: '-deferred-', PDB: '', fileVersion: 10.0.19041.4355
C:\Program Files (x86)\Kaspersky Lab\Kaspersky Endpoint Security for Windows\x64\antimalware_provider.dll:antimalware_provider.dll (00007FF81B490000), size: 2277376 (result: 0), SymType: '-deferred-', PDB: '', fileVersion: 30.587.0.880
C:\Windows\System32\MMDevApi.dll:MMDevApi.dll (00007FF81AC00000), size: 544768 (result: 0), SymType: '-deferred-', PDB: '', fileVersion: 10.0.19041.5915
C:\Windows\System32\DEVOBJ.dll:DEVOBJ.dll (00007FF825AA0000), size: 208896 (result: 0), SymType: '-deferred-', PDB: '', fileVersion: 10.0.19041.5794
C:\Windows\SYSTEM32\AUDIOSES.DLL:AUDIOSES.DLL (00007FF803600000), size: 1576960 (result: 0), SymType: '-deferred-', PDB: '', fileVersion: 10.0.19041.5794
C:\Windows\SYSTEM32\powrprof.dll:powrprof.dll (00007FF825C50000), size: 307200 (result: 0), SymType: '-deferred-', PDB: '', fileVersion: 10.0.19041.3636
C:\Windows\SYSTEM32\UMPDC.dll:UMPDC.dll (00007FF825C30000), size: 73728 (result: 0), SymType: '-deferred-', PDB: ''
C:\Windows\SYSTEM32\resourcepolicyclient.dll:resourcepolicyclient.dll (00007FF8234A0000), size: 81920 (result: 0), SymType: '-deferred-', PDB: '', fileVersion: 10.0.19041.4355
C:\Windows\SYSTEM32\dbghelp.dll:dbghelp.dll (00007FF81BEE0000), size: 2101248 (result: 0), SymType: '-deferred-', PDB: '', fileVersion: 10.0.19041.5848

========== OUTPUTTING STACK TRACE ==================

0x00007FFF8AD67C6C (mono-2.0-bdwgc) mono_class_is_valid_enum
0x00007FFF8AD5D1E9 (mono-2.0-bdwgc) mono_class_get_field_from_name
SymInit: Symbol-SearchPath: '.;S:\SteamLibrary\steamapps\common\Delivery INC;S:/SteamLibrary/steamapps/common/Delivery INC/Delivery INC_Data/Plugins\x86_64;S:/SteamLibrary/steamapps/common/Delivery INC/Delivery INC_Data/Plugins;S:\SteamLibrary\steamapps\common\Delivery INC;C:\Windows;C:\Windows\system32;', symOptions: 534, UserName: 'john lee'
OS-Version: 10.0.0
S:\SteamLibrary\steamapps\common\Delivery INC\Delivery INC.exe:Delivery INC.exe (00007FF77AB50000), size: 897024 (result: 0), SymType: '-exported-', PDB: 'S:\SteamLibrary\steamapps\common\Delivery INC\Delivery INC.exe', fileVersion: 2022.3.26.27864
C:\Windows\SYSTEM32\ntdll.dll:ntdll.dll (00007FF828790000), size: 2064384 (result: 0), SymType: '-exported-', PDB: 'C:\Windows\SYSTEM32\ntdll.dll', fileVersion: 10.0.19041.6456
C:\Windows\System32\KERNEL32.DLL:KERNEL32.DLL (00007FF8274B0000), size: 794624 (result: 0), SymType: '-exported-', PDB: 'C:\Windows\System32\KERNEL32.DLL', fileVersion: 10.0.19041.5915
C:\Windows\System32\KERNELBASE.dll:KERNELBASE.dll (00007FF826220000), size: 3104768 (result: 0), SymType: '-exported-', PDB: 'C:\Windows\System32\KERNELBASE.dll', fileVersion: 10.0.19041.6280
S:\SteamLibrary\steamapps\common\Delivery INC\UnityPlayer.dll:UnityPlayer.dll (00007FFF58270000), size: 31895552 (result: 0), SymType: '-exported-', PDB: 'S:\SteamLibrary\steamapps\common\Delivery INC\UnityPlayer.dll', fileVersion: 2022.3.26.27864
C:\Windows\System32\USER32.dll:USER32.dll (00007FF8271A0000), size: 1708032 (result: 0), SymType: '-exported-', PDB: 'C:\Windows\System32\USER32.dll', fileVersion: 10.0.19041.6456
C:\Windows\System32\win32u.dll:win32u.dll (00007FF826050000), size: 139264 (result: 0), SymType: '-exported-', PDB: 'C:\Windows\System32\win32u.dll', fileVersion: 10.0.19041.6456
C:\Windows\System32\GDI32.dll:GDI32.dll (00007FF827E50000), size: 176128 (result: 0), SymType: '-exported-', PDB: 'C:\Windows\System32\GDI32.dll', fileVersion: 10.0.19041.6157
C:\Windows\System32\gdi32full.dll:gdi32full.dll (00007FF826100000), size: 1150976 (result: 0), SymType: '-exported-', PDB: 'C:\Windows\System32\gdi32full.dll', fileVersion: 10.0.19041.6157
C:\Windows\System32\msvcp_win.dll:msvcp_win.dll (00007FF8266E0000), size: 643072 (result: 0), SymType: '-exported-', PDB: 'C:\Windows\System32\msvcp_win.dll', fileVersion: 10.0.19041.3636
C:\Windows\System32\ucrtbase.dll:ucrtbase.dll (00007FF825F50000), size: 1048576 (result: 0), SymType: '-exported-', PDB: 'C:\Windows\System32\ucrtbase.dll', fileVersion: 10.0.19041.3636
C:\Windows\System32\ole32.dll:ole32.dll (00007FF827360000), size: 1224704 (result: 0), SymType: '-exported-', PDB: 'C:\Windows\System32\ole32.dll', fileVersion: 10.0.19041.5915
C:\Windows\System32\RPCRT4.dll:RPCRT4.dll (00007FF828600000), size: 1179648 (result: 0), SymType: '-exported-', PDB: 'C:\Windows\System32\RPCRT4.dll', fileVersion: 10.0.19041.6280
C:\Windows\System32\combase.dll:combase.dll (00007FF8277D0000), size: 3489792 (result: 0), SymType: '-exported-', PDB: 'C:\Windows\System32\combase.dll', fileVersion: 10.0.19041.6456
C:\Windows\System32\SHLWAPI.dll:SHLWAPI.dll (00007FF8283F0000), size: 372736 (result: 0), SymType: '-exported-', PDB: 'C:\Windows\System32\SHLWAPI.dll', fileVersion: 10.0.19041.6392
C:\Windows\System32\msvcrt.dll:msvcrt.dll (00007FF827EE0000), size: 647168 (result: 0), SymType: '-exported-', PDB: 'C:\Windows\System32\msvcrt.dll', fileVersion: 7.0.19041.3636
C:\Windows\System32\SETUPAPI.dll:SETUPAPI.dll (00007FF827F80000), size: 4653056 (result: 0), SymType: '-exported-', PDB: 'C:\Windows\System32\SETUPAPI.dll', fileVersion: 10.0.19041.5794
C:\Windows\System32\cfgmgr32.dll:cfgmgr32.dll (00007FF826520000), size: 319488 (result: 0), SymType: '-exported-', PDB: 'C:\Windows\System32\cfgmgr32.dll', fileVersion: 10.0.19041.3996
C:\Windows\System32\bcrypt.dll:bcrypt.dll (00007FF826570000), size: 159744 (result: 0), SymType: '-exported-', PDB: 'C:\Windows\System32\bcrypt.dll', fileVersion: 10.0.19041.5369
C:\Windows\System32\ADVAPI32.dll:ADVAPI32.dll (00007FF8284E0000), size: 724992 (result: 0), SymType: '-exported-', PDB: 'C:\Windows\System32\ADVAPI32.dll', fileVersion: 10.0.19041.6328
C:\Windows\System32\sechost.dll:sechost.dll (00007FF827730000), size: 651264 (result: 0), SymType: '-exported-', PDB: 'C:\Windows\System32\sechost.dll', fileVersion: 10.0.19041.6328
C:\Windows\System32\SHELL32.dll:SHELL32.dll (00007FF826A30000), size: 7798784 (result: 0), SymType: '-exported-', PDB: 'C:\Windows\System32\SHELL32.dll', fileVersion: 10.0.19041.6456
C:\Windows\System32\OLEAUT32.dll:OLEAUT32.dll (00007FF827B30000), size: 839680 (result: 0), SymType: '-exported-', PDB: 'C:\Windows\System32\OLEAUT32.dll', fileVersion: 10.0.19041.3636
C:\Windows\System32\IMM32.dll:IMM32.dll (00007FF827D00000), size: 192512 (result: 0), SymType: '-exported-', PDB: 'C:\Windows\System32\IMM32.dll', fileVersion: 10.0.19041.6157
C:\Windows\System32\CRYPT32.dll:CRYPT32.dll (00007FF825DF0000), size: 1429504 (result: 0), SymType: '-exported-', PDB: 'C:\Windows\System32\CRYPT32.dll', fileVersion: 10.0.19041.6157
C:\Windows\System32\WS2_32.dll:WS2_32.dll (00007FF827D30000), size: 438272 (result: 0), SymType: '-exported-', PDB: 'C:\Windows\System32\WS2_32.dll', fileVersion: 10.0.19041.3636
C:\Windows\SYSTEM32\OPENGL32.dll:OPENGL32.dll (00007FFFCB170000), size: 1212416 (result: 0), SymType: '-exported-', PDB: 'C:\Windows\SYSTEM32\OPENGL32.dll', fileVersion: 10.0.19041.5794
C:\Windows\SYSTEM32\WINMM.dll:WINMM.dll (00007FF818400000), size: 159744 (result: 0), SymType: '-exported-', PDB: 'C:\Windows\SYSTEM32\WINMM.dll', fileVersion: 10.0.19041.3636
C:\Windows\SYSTEM32\WINHTTP.dll:WINHTTP.dll (00007FF81E070000), size: 1089536 (result: 0), SymType: '-exported-', PDB: 'C:\Windows\SYSTEM32\WINHTTP.dll', fileVersion: 10.0.19041.5794
C:\Windows\SYSTEM32\HID.DLL:HID.DLL (00007FF8244E0000), size: 53248 (result: 0), SymType: '-exported-', PDB: 'C:\Windows\SYSTEM32\HID.DLL', fileVersion: 10.0.19041.3636
C:\Windows\SYSTEM32\dwmapi.dll:dwmapi.dll (00007FF8237A0000), size: 188416 (result: 0), SymType: '-exported-', PDB: 'C:\Windows\SYSTEM32\dwmapi.dll', fileVersion: 10.0.19041.6157
C:\Windows\SYSTEM32\GLU32.dll:GLU32.dll (00007FFFC9D70000), size: 180224 (result: 0), SymType: '-exported-', PDB: 'C:\Windows\SYSTEM32\GLU32.dll', fileVersion: 10.0.19041.3636
S:\SteamLibrary\steamapps\common\Delivery INC\VERSION.dll:VERSION.dll (00007FFFAB080000), size: 3018752 (result: 0), SymType: '-exported-', PDB: 'S:\SteamLibrary\steamapps\common\Delivery INC\VERSION.dll', fileVersion: 3.0.2.0
C:\Windows\System32\version.DLL:version.DLL (00007FF8244D0000), size: 40960 (result: 0), SymType: '-exported-', PDB: 'C:\Windows\System32\version.DLL', fileVersion: 10.0.19041.3636
S:\SteamLibrary\steamapps\common\Delivery INC\SmokeAPI64.dll:SmokeAPI64.dll (00007FFF8B700000), size: 3543040 (result: 0), SymType: '-exported-', PDB: 'S:\SteamLibrary\steamapps\common\Delivery INC\SmokeAPI64.dll', fileVersion: 2.0.5.0
C:\Program Files\Steam\gameoverlayrenderer64.dll:gameoverlayrenderer64.dll (00007FFFC9410000), size: 1748992 (result: 0), SymType: '-exported-', PDB: 'C:\Program Files\Steam\gameoverlayrenderer64.dll', fileVersion: 10.11.97.72
C:\Windows\System32\PSAPI.DLL:PSAPI.DLL (00007FF827C00000), size: 32768 (result: 0), SymType: '-exported-', PDB: 'C:\Windows\System32\PSAPI.DLL', fileVersion: 10.0.19041.3636
C:\Program Files\Steam\steamclient64.dll:steamclient64.dll (00007FFF88C80000), size: 24666112 (result: 0), SymType: '-exported-', PDB: 'C:\Program Files\Steam\steamclient64.dll', fileVersion: 10.11.97.72
C:\Windows\System32\imagehlp.dll:imagehlp.dll (00007FF827490000), size: 118784 (result: 0), SymType: '-exported-', PDB: 'C:\Windows\System32\imagehlp.dll', fileVersion: 10.0.19041.3636
C:\Windows\SYSTEM32\IPHLPAPI.DLL:IPHLPAPI.DLL (00007FF825140000), size: 241664 (result: 0), SymType: '-exported-', PDB: 'C:\Windows\SYSTEM32\IPHLPAPI.DLL', fileVersion: 10.0.19041.3636
C:\Program Files\Steam\tier0_s64.dll:tier0_s64.dll (00007FFFC7710000), size: 1687552 (result: 0), SymType: '-exported-', PDB: 'C:\Program Files\Steam\tier0_s64.dll', fileVersion: 10.11.97.72
C:\Program Files\Steam\vstdlib_s64.dll:vstdlib_s64.dll (00007FFFD7860000), size: 790528 (result: 0), SymType: '-exported-', PDB: 'C:\Program Files\Steam\vstdlib_s64.dll', fileVersion: 10.11.97.72
C:\Windows\SYSTEM32\Secur32.dll:Secur32.dll (00007FF81A1F0000), size: 49152 (result: 0), SymType: '-exported-', PDB: 'C:\Windows\SYSTEM32\Secur32.dll', fileVersion: 10.0.19041.3636
C:\Windows\SYSTEM32\MSWSOCK.dll:MSWSOCK.dll (00007FF825440000), size: 434176 (result: 0), SymType: '-exported-', PDB: 'C:\Windows\SYSTEM32\MSWSOCK.dll', fileVersion: 10.0.19041.5915
C:\Windows\SYSTEM32\SSPICLI.DLL:SSPICLI.DLL (00007FF825CD0000), size: 204800 (result: 0), SymType: '-exported-', PDB: 'C:\Windows\SYSTEM32\SSPICLI.DLL', fileVersion: 10.0.19041.6328
C:\Windows\System32\shcore.dll:shcore.dll (00007FF827DA0000), size: 708608 (result: 0), SymType: '-exported-', PDB: 'C:\Windows\System32\shcore.dll', fileVersion: 10.0.19041.5794
C:\Windows\SYSTEM32\CRYPTBASE.DLL:CRYPTBASE.DLL (00007FF8255D0000), size: 49152 (result: 0), SymType: '-exported-', PDB: 'C:\Windows\SYSTEM32\CRYPTBASE.DLL', fileVersion: 10.0.19041.3636
C:\Windows\System32\bcryptPrimitives.dll:bcryptPrimitives.dll (00007FF826650000), size: 532480 (result: 0), SymType: '-exported-', PDB: 'C:\Windows\System32\bcryptPrimitives.dll', fileVersion: 10.0.19041.5007
C:\Windows\system32\apphelp.dll:apphelp.dll (00007FF823010000), size: 606208 (result: 0), SymType: '-exported-', PDB: 'C:\Windows\system32\apphelp.dll', fileVersion: 10.0.19041.6157
C:\Windows\SYSTEM32\kernel.appcore.dll:kernel.appcore.dll (00007FF8245E0000), size: 73728 (result: 0), SymType: '-exported-', PDB: 'C:\Windows\SYSTEM32\kernel.appcore.dll', fileVersion: 10.0.19041.3758
C:\Windows\system32\uxtheme.dll:uxtheme.dll (00007FF8233C0000), size: 647168 (result: 0), SymType: '-exported-', PDB: 'C:\Windows\system32\uxtheme.dll', fileVersion: 10.0.19041.5794
C:\Windows\SYSTEM32\windows.storage.dll:windows.storage.dll (00007FF823D20000), size: 8015872 (result: 0), SymType: '-exported-', PDB: 'C:\Windows\SYSTEM32\windows.storage.dll', fileVersion: 10.0.19041.6456
C:\Windows\SYSTEM32\Wldp.dll:Wldp.dll (00007FF825660000), size: 176128 (result: 0), SymType: '-exported-', PDB: 'C:\Windows\SYSTEM32\Wldp.dll', fileVersion: 10.0.19041.5794
C:\Windows\SYSTEM32\profapi.dll:profapi.dll (00007FF825D20000), size: 147456 (result: 0), SymType: '-nosymbols-', PDB: 'C:\Windows\SYSTEM32\profapi.dll', fileVersion: 10.0.19041.6033
S:\SteamLibrary\steamapps\common\Delivery INC\MonoBleedingEdge\EmbedRuntime\mono-2.0-bdwgc.dll:mono-2.0-bdwgc.dll (00007FFF8ACA0000), size: 10825728 (result: 0), SymType: '-exported-', PDB: 'S:\SteamLibrary\steamapps\common\Delivery INC\MonoBleedingEdge\EmbedRuntime\mono-2.0-bdwgc.dll'
C:\Windows\System32\MSCTF.dll:MSCTF.dll (00007FF826780000), size: 1134592 (result: 0), SymType: '-exported-', PDB: 'C:\Windows\System32\MSCTF.dll', fileVersion: 10.0.19041.5794
C:\Windows\SYSTEM32\d3d11.dll:d3d11.dll (00007FF821310000), size: 2506752 (result: 0), SymType: '-exported-', PDB: 'C:\Windows\SYSTEM32\d3d11.dll', fileVersion: 10.0.19041.5794
C:\Windows\SYSTEM32\dxgi.dll:dxgi.dll (00007FF824630000), size: 1007616 (result: 0), SymType: '-exported-', PDB: 'C:\Windows\SYSTEM32\dxgi.dll', fileVersion: 10.0.19041.5794
C:\Windows\System32\DriverStore\FileRepository\u0382934.inf_amd64_cbf07db13ec1507d\B381983\aticfx64.dll:aticfx64.dll (00007FF8184C0000), size: 1945600 (result: 0), SymType: '-exported-', PDB: 'C:\Windows\System32\DriverStore\FileRepository\u0382934.inf_amd64_cbf07db13ec1507d\B381983\aticfx64.dll', fileVersion: 27.20.20913.2000
C:\Windows\System32\DriverStore\FileRepository\u0382934.inf_amd64_cbf07db13ec1507d\B381983\atiuxp64.dll:atiuxp64.dll (00007FF818310000), size: 229376 (result: 0), SymType: '-exported-', PDB: 'C:\Windows\System32\DriverStore\FileRepository\u0382934.inf_amd64_cbf07db13ec1507d\B381983\atiuxp64.dll', fileVersion: 27.20.20913.2000
C:\Windows\System32\DriverStore\FileRepository\u0382934.inf_amd64_cbf07db13ec1507d\B381983\atidxx64.dll:atidxx64.dll (00007FF8163B0000), size: 32886784 (result: 0), SymType: '-exported-', PDB: 'C:\Windows\System32\DriverStore\FileRepository\u0382934.inf_amd64_cbf07db13ec1507d\B381983\atidxx64.dll', fileVersion: 27.20.20913.2000
C:\Windows\SYSTEM32\amdihk64.dll:amdihk64.dll (00007FF816380000), size: 196608 (result: 0), SymType: '-exported-', PDB: 'C:\Windows\SYSTEM32\amdihk64.dll', fileVersion: 2.0.0.1788
C:\Windows\SYSTEM32\dxcore.dll:dxcore.dll (00007FF81F8C0000), size: 241664 (result: 0), SymType: '-exported-', PDB: 'C:\Windows\SYSTEM32\dxcore.dll', fileVersion: 10.0.19041.5794
C:\Windows\SYSTEM32\D3DSCache.dll:D3DSCache.dll (00007FF816340000), size: 176128 (result: 0), SymType: '-exported-', PDB: 'C:\Windows\SYSTEM32\D3DSCache.dll', fileVersion: 10.0.19041.5794
C:\Windows\SYSTEM32\USERENV.dll:USERENV.dll (00007FF825CA0000), size: 188416 (result: 0), SymType: '-exported-', PDB: 'C:\Windows\SYSTEM32\USERENV.dll', fileVersion: 10.0.19041.5794
C:\Windows\SYSTEM32\twinapi.appcore.dll:twinapi.appcore.dll (00007FF81E1B0000), size: 2109440 (result: 0), SymType: '-exported-', PDB: 'C:\Windows\SYSTEM32\twinapi.appcore.dll', fileVersion: 10.0.19041.5848
C:\Windows\System32\clbcatq.dll:clbcatq.dll (00007FF8268A0000), size: 692224 (result: 0), SymType: '-exported-', PDB: 'C:\Windows\System32\clbcatq.dll', fileVersion: 2001.12.10941.16384
C:\Windows\system32\wbem\wbemprox.dll:wbemprox.dll (00007FF81D350000), size: 69632 (result: 0), SymType: '-exported-', PDB: 'C:\Windows\system32\wbem\wbemprox.dll', fileVersion: 10.0.19041.4474
C:\Windows\SYSTEM32\wbemcomn.dll:wbemcomn.dll (00007FF81F2B0000), size: 589824 (result: 0), SymType: '-exported-', PDB: 'C:\Windows\SYSTEM32\wbemcomn.dll', fileVersion: 10.0.19041.5794
C:\Windows\system32\wbem\wbemsvc.dll:wbemsvc.dll (00007FF81BCB0000), size: 81920 (result: 0), SymType: '-exported-', PDB: 'C:\Windows\system32\wbem\wbemsvc.dll', fileVersion: 10.0.19041.4474
C:\Windows\system32\wbem\fastprox.dll:fastprox.dll (00007FF81B950000), size: 1097728 (result: 0), SymType: '-exported-', PDB: 'C:\Windows\system32\wbem\fastprox.dll', fileVersion: 10.0.19041.5794
C:\Windows\SYSTEM32\amsi.dll:amsi.dll (00007FF81B6C0000), size: 126976 (result: 0), SymType: '-exported-', PDB: 'C:\Windows\SYSTEM32\amsi.dll', fileVersion: 10.0.19041.4355
C:\Program Files (x86)\Kaspersky Lab\Kaspersky Endpoint Security for Windows\x64\antimalware_provider.dll:antimalware_provider.dll (00007FF81B490000), size: 2277376 (result: 0), SymType: '-exported-', PDB: 'C:\Program Files (x86)\Kaspersky Lab\Kaspersky Endpoint Security for Windows\x64\antimalware_provider.dll', fileVersion: 30.587.0.880
C:\Windows\System32\MMDevApi.dll:MMDevApi.dll (00007FF81AC00000), size: 544768 (result: 0), SymType: '-exported-', PDB: 'C:\Windows\System32\MMDevApi.dll', fileVersion: 10.0.19041.5915
C:\Windows\System32\DEVOBJ.dll:DEVOBJ.dll (00007FF825AA0000), size: 208896 (result: 0), SymType: '-exported-', PDB: 'C:\Windows\System32\DEVOBJ.dll', fileVersion: 10.0.19041.5794
C:\Windows\SYSTEM32\AUDIOSES.DLL:AUDIOSES.DLL (00007FF803600000), size: 1576960 (result: 0), SymType: '-exported-', PDB: 'C:\Windows\SYSTEM32\AUDIOSES.DLL', fileVersion: 10.0.19041.5794
C:\Windows\SYSTEM32\powrprof.dll:powrprof.dll (00007FF825C50000), size: 307200 (result: 0), SymType: '-exported-', PDB: 'C:\Windows\SYSTEM32\powrprof.dll', fileVersion: 10.0.19041.3636
C:\Windows\SYSTEM32\UMPDC.dll:UMPDC.dll (00007FF825C30000), size: 73728 (result: 0), SymType: '-exported-', PDB: 'C:\Windows\SYSTEM32\UMPDC.dll'
C:\Windows\SYSTEM32\resourcepolicyclient.dll:resourcepolicyclient.dll (00007FF8234A0000), size: 81920 (result: 0), SymType: '-exported-', PDB: 'C:\Windows\SYSTEM32\resourcepolicyclient.dll', fileVersion: 10.0.19041.4355
C:\Windows\SYSTEM32\dbghelp.dll:dbghelp.dll (00007FF81BEE0000), size: 2101248 (result: 0), SymType: '-exported-', PDB: 'C:\Windows\SYSTEM32\dbghelp.dll', fileVersion: 10.0.19041.5848
  ERROR: SymGetSymFromAddr64, GetLastError: '企圖存取不正確的位址。
' (Address: 00007FFF589FE24D)
0x00007FFF589FE24D (UnityPlayer) (function-name not available)
  ERROR: SymGetSymFromAddr64, GetLastError: '企圖存取不正確的位址。
' (Address: 00007FFF58A02CB9)
0x00007FFF58A02CB9 (UnityPlayer) (function-name not available)
  ERROR: SymGetSymFromAddr64, GetLastError: '企圖存取不正確的位址。
' (Address: 00007FFF589E3512)
0x00007FFF589E3512 (UnityPlayer) (function-name not available)
  ERROR: SymGetSymFromAddr64, GetLastError: '企圖存取不正確的位址。
' (Address: 00007FFF589E387E)
0x00007FFF589E387E (UnityPlayer) (function-name not available)
  ERROR: SymGetSymFromAddr64, GetLastError: '企圖存取不正確的位址。
' (Address: 00007FFF589DEF7B)
0x00007FFF589DEF7B (UnityPlayer) (function-name not available)
  ERROR: SymGetSymFromAddr64, GetLastError: '企圖存取不正確的位址。
' (Address: 00007FFF58A56C78)
0x00007FFF58A56C78 (UnityPlayer) (function-name not available)
  ERROR: SymGetSymFromAddr64, GetLastError: '企圖存取不正確的位址。
' (Address: 00007FFF58A56FA4)
0x00007FFF58A56FA4 (UnityPlayer) (function-name not available)
  ERROR: SymGetSymFromAddr64, GetLastError: '企圖存取不正確的位址。
' (Address: 00007FFF585E0D56)
0x00007FFF585E0D56 (UnityPlayer) (function-name not available)
  ERROR: SymGetSymFromAddr64, GetLastError: '企圖存取不正確的位址。
' (Address: 00007FFF58A824E7)
0x00007FFF58A824E7 (UnityPlayer) (function-name not available)
0x00007FFF58A82E6B (UnityPlayer) UnityMain
  ERROR: SymGetSymFromAddr64, GetLastError: '企圖存取不正確的位址。
' (Address: 00007FF77AB511F2)
0x00007FF77AB511F2 (Delivery INC) (function-name not available)
0x00007FF8274C7374 (KERNEL32) BaseThreadInitThunk
0x00007FF8287DCC91 (ntdll) RtlUserThreadStart

========== END OF STACKTRACE ===========

A crash has been intercepted by the crash handler. For call stack and other details, see the latest crash report generated in:
 * C:/Users/JOHNLE~1/AppData/Local/Temp/DigiFox/Delivery INC/Crashes
